[debug] [2023-01-03T17:49:46.268Z] ----------------------------------------------------------------------
[debug] [2023-01-03T17:49:46.271Z] Command:       C:\Program Files\nodejs\node.exe C:\Users\MARUF\AppData\Roaming\npm\node_modules\firebase-tools\lib\bin\firebase.js deploy
[debug] [2023-01-03T17:49:46.272Z] CLI Version:   10.1.5
[debug] [2023-01-03T17:49:46.272Z] Platform:      win32
[debug] [2023-01-03T17:49:46.272Z] Node Version:  v14.17.1
[debug] [2023-01-03T17:49:46.291Z] Time:          Tue Jan 03 2023 23:49:46 GMT+0600 (Bangladesh Standard Time)
[debug] [2023-01-03T17:49:46.291Z] ----------------------------------------------------------------------
[debug] 
[debug] [2023-01-03T17:49:46.295Z] >>> [apiv2][query] GET https://firebase-public.firebaseio.com/cli.json [none]
[debug] [2023-01-03T17:49:46.395Z] > command requires scopes: ["email","openid","https://www.googleapis.com/auth/cloudplatformprojects.readonly","https://www.googleapis.com/auth/firebase","https://www.googleapis.com/auth/cloud-platform"]
[debug] [2023-01-03T17:49:46.395Z] > authorizing via signed-in user (maruf.moni.mm@gmail.com)
[debug] [2023-01-03T17:49:46.395Z] [iam] checking project car-nation for permissions ["firebase.projects.get","firebasehosting.sites.update"]
[debug] [2023-01-03T17:49:46.396Z] > refreshing access token with scopes: []
[debug] [2023-01-03T17:49:46.397Z] >>> HTTP REQUEST POST https://www.googleapis.com/oauth2/v3/token  
 <request body omitted>
[debug] [2023-01-03T17:49:46.616Z] <<< HTTP RESPONSE 400 {"date":"Tue, 03 Jan 2023 17:52:05 GMT","pragma":"no-cache","expires":"Mon, 01 Jan 1990 00:00:00 GMT","cache-control":"no-cache, no-store, max-age=0, must-revalidate","content-type":"application/json; charset=utf-8","vary":"X-Origin, Referer, Origin,Accept-Encoding","server":"scaffolding on HTTPServer2","x-xss-protection":"0","x-frame-options":"SAMEORIGIN","x-content-type-options":"nosniff","alt-svc":"h3=\":443\"; ma=2592000,h3-29=\":443\"; ma=2592000,h3-Q050=\":443\"; ma=2592000,h3-Q046=\":443\"; ma=2592000,h3-Q043=\":443\"; ma=2592000,quic=\":443\"; ma=2592000; v=\"46,43\"","accept-ranges":"none","transfer-encoding":"chunked"}
[debug] [2023-01-03T17:49:46.618Z] >>> [apiv2][query] POST https://cloudresourcemanager.googleapis.com/v1/projects/car-nation:testIamPermissions [none]
[debug] [2023-01-03T17:49:46.618Z] >>> [apiv2][body] POST https://cloudresourcemanager.googleapis.com/v1/projects/car-nation:testIamPermissions {"permissions":["firebase.projects.get","firebasehosting.sites.update"]}
[debug] [2023-01-03T17:49:47.041Z] <<< [apiv2][status] GET https://firebase-public.firebaseio.com/cli.json 200
[debug] [2023-01-03T17:49:47.043Z] <<< [apiv2][body] GET https://firebase-public.firebaseio.com/cli.json {"cloudBuildErrorAfter":1594252800000,"cloudBuildWarnAfter":1590019200000,"defaultNode10After":1594252800000,"minVersion":"3.0.5","node8DeploysDisabledAfter":1613390400000,"node8RuntimeDisabledAfter":1615809600000,"node8WarnAfter":1600128000000}
[debug] [2023-01-03T17:49:48.061Z] <<< [apiv2][status] POST https://cloudresourcemanager.googleapis.com/v1/projects/car-nation:testIamPermissions 401
[debug] [2023-01-03T17:49:48.061Z] <<< [apiv2][body] POST https://cloudresourcemanager.googleapis.com/v1/projects/car-nation:testIamPermissions {"error":{"code":401,"message":"Request had invalid authentication credentials. Expected OAuth 2 access token, login cookie or other valid authentication credential. See https://developers.google.com/identity/sign-in/web/devconsole-project.","status":"UNAUTHENTICATED","details":[{"@type":"type.googleapis.com/google.rpc.ErrorInfo","reason":"ACCESS_TOKEN_TYPE_UNSUPPORTED","metadata":{"method":"google.cloudresourcemanager.v1.Projects.TestIamPermissions","service":"cloudresourcemanager.googleapis.com"}}]}}
[debug] [2023-01-03T17:49:48.062Z] [iam] error while checking permissions, command may fail: FirebaseError: HTTP Error: 401, Request had invalid authentication credentials. Expected OAuth 2 access token, login cookie or other valid authentication credential. See https://developers.google.com/identity/sign-in/web/devconsole-project.
[debug] [2023-01-03T17:49:48.062Z] > refreshing access token with scopes: []
[debug] [2023-01-03T17:49:48.063Z] >>> HTTP REQUEST POST https://www.googleapis.com/oauth2/v3/token  
 <request body omitted>
[debug] [2023-01-03T17:49:48.277Z] <<< HTTP RESPONSE 400 {"date":"Tue, 03 Jan 2023 17:52:07 GMT","pragma":"no-cache","expires":"Mon, 01 Jan 1990 00:00:00 GMT","cache-control":"no-cache, no-store, max-age=0, must-revalidate","content-type":"application/json; charset=utf-8","vary":"X-Origin, Referer, Origin,Accept-Encoding","server":"scaffolding on HTTPServer2","x-xss-protection":"0","x-frame-options":"SAMEORIGIN","x-content-type-options":"nosniff","alt-svc":"h3=\":443\"; ma=2592000,h3-29=\":443\"; ma=2592000,h3-Q050=\":443\"; ma=2592000,h3-Q046=\":443\"; ma=2592000,h3-Q043=\":443\"; ma=2592000,quic=\":443\"; ma=2592000; v=\"46,43\"","accept-ranges":"none","transfer-encoding":"chunked"}
[debug] [2023-01-03T17:49:48.279Z] >>> [apiv2][query] GET https://firebase.googleapis.com/v1beta1/projects/car-nation [none]
[debug] [2023-01-03T17:49:48.820Z] <<< [apiv2][status] GET https://firebase.googleapis.com/v1beta1/projects/car-nation 401
[debug] [2023-01-03T17:49:48.820Z] <<< [apiv2][body] GET https://firebase.googleapis.com/v1beta1/projects/car-nation {"error":{"code":401,"message":"Request had invalid authentication credentials. Expected OAuth 2 access token, login cookie or other valid authentication credential. See https://developers.google.com/identity/sign-in/web/devconsole-project.","status":"UNAUTHENTICATED"}}
[debug] [2023-01-03T17:49:48.820Z] HTTP Error: 401, Request had invalid authentication credentials. Expected OAuth 2 access token, login cookie or other valid authentication credential. See https://developers.google.com/identity/sign-in/web/devconsole-project.
[debug] [2023-01-03T17:49:48.822Z] FirebaseError: HTTP Error: 401, Request had invalid authentication credentials. Expected OAuth 2 access token, login cookie or other valid authentication credential. See https://developers.google.com/identity/sign-in/web/devconsole-project.
    at module.exports (C:\Users\MARUF\AppData\Roaming\npm\node_modules\firebase-tools\lib\responseToError.js:38:12)
    at RetryOperation._fn (C:\Users\MARUF\AppData\Roaming\npm\node_modules\firebase-tools\lib\apiv2.js:283:39)
    at processTicksAndRejections (internal/process/task_queues.js:95:5)
[error] 
[error] Error: Failed to get Firebase project car-nation. Please make sure the project exists and your account has permission to access it.
